Determining if the pthread_create exist failed with the following output:
Change Dir: /home/auviitk/catkin_ws/build/CMakeFiles/CMakeTmp

Run Build Command:"/usr/bin/make" "cmTC_2721c/fast"
/usr/bin/make -f CMakeFiles/cmTC_2721c.dir/build.make CMakeFiles/cmTC_2721c.dir/build
make[1]: Entering directory '/home/auviitk/catkin_ws/build/CMakeFiles/CMakeTmp'
Building C object CMakeFiles/cmTC_2721c.dir/CheckSymbolExists.c.o
/usr/bin/cc    -o CMakeFiles/cmTC_2721c.dir/CheckSymbolExists.c.o   -c /home/auviitk/catkin_ws/build/CMakeFiles/CMakeTmp/CheckSymbolExists.c
Linking C executable cmTC_2721c
/usr/bin/cmake -E cmake_link_script CMakeFiles/cmTC_2721c.dir/link.txt --verbose=1
/usr/bin/cc      -rdynamic CMakeFiles/cmTC_2721c.dir/CheckSymbolExists.c.o  -o cmTC_2721c 
CMakeFiles/cmTC_2721c.dir/CheckSymbolExists.c.o: In function `main':
CheckSymbolExists.c:(.text+0x1b): undefined reference to `pthread_create'
collect2: error: ld returned 1 exit status
CMakeFiles/cmTC_2721c.dir/build.make:97: recipe for target 'cmTC_2721c' failed
make[1]: *** [cmTC_2721c] Error 1
make[1]: Leaving directory '/home/auviitk/catkin_ws/build/CMakeFiles/CMakeTmp'
Makefile:126: recipe for target 'cmTC_2721c/fast' failed
make: *** [cmTC_2721c/fast] Error 2

File /home/auviitk/catkin_ws/build/CMakeFiles/CMakeTmp/CheckSymbolExists.c:
/* */
#include <pthread.h>

int main(int argc, char** argv)
{
  (void)argv;
#ifndef pthread_create
  return ((int*)(&pthread_create))[argc];
#else
  (void)argc;
  return 0;
#endif
}

Determining if the function pthread_create exists in the pthreads failed with the following output:
Change Dir: /home/auviitk/catkin_ws/build/CMakeFiles/CMakeTmp

Run Build Command:"/usr/bin/make" "cmTC_b3c4d/fast"
/usr/bin/make -f CMakeFiles/cmTC_b3c4d.dir/build.make CMakeFiles/cmTC_b3c4d.dir/build
make[1]: Entering directory '/home/auviitk/catkin_ws/build/CMakeFiles/CMakeTmp'
Building C object CMakeFiles/cmTC_b3c4d.dir/CheckFunctionExists.c.o
/usr/bin/cc   -DCHECK_FUNCTION_EXISTS=pthread_create   -o CMakeFiles/cmTC_b3c4d.dir/CheckFunctionExists.c.o   -c /usr/share/cmake-3.10/Modules/CheckFunctionExists.c
Linking C executable cmTC_b3c4d
/usr/bin/cmake -E cmake_link_script CMakeFiles/cmTC_b3c4d.dir/link.txt --verbose=1
/usr/bin/cc  -DCHECK_FUNCTION_EXISTS=pthread_create    -rdynamic CMakeFiles/cmTC_b3c4d.dir/CheckFunctionExists.c.o  -o cmTC_b3c4d -lpthreads 
/usr/bin/ld: cannot find -lpthreads
collect2: error: ld returned 1 exit status
CMakeFiles/cmTC_b3c4d.dir/build.make:97: recipe for target 'cmTC_b3c4d' failed
make[1]: *** [cmTC_b3c4d] Error 1
make[1]: Leaving directory '/home/auviitk/catkin_ws/build/CMakeFiles/CMakeTmp'
Makefile:126: recipe for target 'cmTC_b3c4d/fast' failed
make: *** [cmTC_b3c4d/fast] Error 2


